app/build/outputs/mapping/release/seeds.txt
com.yourname.simplenotes.data.local.NoteSearchDao$upsertIndex$1
com.yourname.simplenotes.data.local.SearchHistoryDao_Impl$4
com.yourname.simplenotes.data.local.NoteDatabase$Companion
com.yourname.simplenotes.data.local.entities.ChecklistItem
com.yourname.simplenotes.data.local.NoteDao_Impl$5
com.yourname.simplenotes.data.local.NoteDao_Impl$3
com.yourname.simplenotes.data.local.SearchHistoryDao_Impl$3
com.yourname.simplenotes.data.local.Migration5To6Kt$MIGRATION_5_TO_6$1
com.yourname.simplenotes.data.local.NoteDao_Impl
com.yourname.simplenotes.data.local.NoteDao_Impl$11
com.yourname.simplenotes.data.local.NoteSearchEntity
com.yourname.simplenotes.NotesApp
com.yourname.simplenotes.data.local.Migration4To5Kt
com.yourname.simplenotes.data.local.CategoryDao_Impl$2
com.yourname.simplenotes.data.local.entities.ContentBlockKt
com.yourname.simplenotes.domain.model.NoteJsonExtensionsKt
com.yourname.simplenotes.domain.model.SearchFilters
com.yourname.simplenotes.data.local.NoteSearchDao_Impl$3
com.yourname.simplenotes.data.local.Migration3To4Kt
com.yourname.simplenotes.data.local.NoteSearchDao_Impl
com.yourname.simplenotes.data.local.entities.TextFormatting
com.yourname.simplenotes.data.local.entities.ContentBlock$Drawing
com.yourname.simplenotes.data.local.NoteSearchDao_Impl$1
com.yourname.simplenotes.MainActivity
com.yourname.simplenotes.data.local.NoteSearchDao_Impl$2
com.yourname.simplenotes.data.local.CategoryDao_Impl$7
com.yourname.simplenotes.data.local.SearchHistoryDao_Impl
com.yourname.simplenotes.data.local.Migration5To6Kt
com.yourname.simplenotes.data.local.entities.ContentBlock
com.yourname.simplenotes.data.local.CategoryDao_Impl$1
com.yourname.simplenotes.data.local.CategoryDao_Impl$9
com.yourname.simplenotes.data.local.NoteSearchDao_Impl$6
com.yourname.simplenotes.ui.search.SearchViewModel
com.yourname.simplenotes.data.local.NoteDao_Impl$10
com.yourname.simplenotes.data.local.entities.ContentBlockKt$listType$1
com.yourname.simplenotes.data.local.NoteDao_Impl$8
com.yourname.simplenotes.data.local.NoteDao_Impl$6
com.yourname.simplenotes.data.local.entities.ContentBlock$Text
com.yourname.simplenotes.data.local.CategoryEntity
com.yourname.simplenotes.data.local.NoteSearchDao_Impl$7
com.yourname.simplenotes.data.local.CategoryDao
com.yourname.simplenotes.domain.model.Note
com.yourname.simplenotes.ui.folder.FolderViewModel
com.yourname.simplenotes.data.local.SearchHistoryEntity
com.yourname.simplenotes.domain.model.Category
com.yourname.simplenotes.data.local.NoteDao$DefaultImpls
com.yourname.simplenotes.data.local.SearchHistoryDao_Impl$2
com.yourname.simplenotes.data.local.entities.ChecklistItemKt
com.yourname.simplenotes.data.local.SearchHistoryDao_Impl$8
com.yourname.simplenotes.data.local.NoteSearchDao_Impl$4
com.yourname.simplenotes.data.local.NoteEntity
com.yourname.simplenotes.data.local.CategoryDao_Impl
com.yourname.simplenotes.data.local.NoteSearchDao_Impl$5
com.yourname.simplenotes.data.local.NoteMapperKt
com.yourname.simplenotes.domain.model.NoteMetadata
com.yourname.simplenotes.ui.auth.PinEntryViewModel
com.yourname.simplenotes.data.local.CategoryDao_Impl$5
com.yourname.simplenotes.data.local.Migration4To5Kt$MIGRATION_4_TO_5$1
com.yourname.simplenotes.data.local.CategoryDao_Impl$3
com.yourname.simplenotes.ui.editor.NoteEditorViewModel
com.yourname.simplenotes.data.local.NoteDao_Impl$1
com.yourname.simplenotes.data.local.entities.ContentBlockJson
com.yourname.simplenotes.data.local.CategoryDao_Impl$8
com.yourname.simplenotes.data.local.entities.ContentBlock$Image
com.yourname.simplenotes.data.local.CategoryDao_Impl$4
com.yourname.simplenotes.data.local.NoteDatabase
com.yourname.simplenotes.ui.auth.AuthViewModel
com.yourname.simplenotes.data.local.entities.ContentBlock$Checklist
com.yourname.simplenotes.data.local.CategoryDao_Impl$11
com.yourname.simplenotes.data.local.NoteDao_Impl$7
com.yourname.simplenotes.ui.notes.NoteListViewModel
...
androidx.compose.runtime.collection.MutableVector$VectorListIterator: int nextIndex()
androidx.compose.runtime.SdkStubsFallbackFrameClock: kotlin.coroutines.CoroutineContext plus(kotlin.coroutines.CoroutineContext)
com.google.android.gms.tasks.Task: com.google.android.gms.tasks.Task addOnCompleteListener(java.util.concurrent.Executor,com.google.android.gms.tasks.OnCompleteListener)
androidx.compose.runtime.external.kotlinx.collections.immutable.implementations.immutableList.PersistentVectorBuilder$removeAll$1: java.lang.Object invoke(java.lang.Object)
androidx.compose.runtime.snapshots.SnapshotStateMap: androidx.compose.runtime.snapshots.StateRecord getFirstStateRecord()
com.google.gson.internal.bind.TypeAdapters$15: void write(com.google.gson.stream.JsonWriter,java.lang.String)
com.google.gson.GsonBuilder: com.google.gson.GsonBuilder setDateFormat(java.lang.String)
org.koin.core.module.dsl.SingleOfKt$singleOf$18: java.lang.Object invoke(org.koin.core.scope.Scope,org.koin.core.parameter.ParametersHolder)
androidx.work.impl.WorkDatabase_AutoMigration_16_17_Impl: void migrate(androidx.sqlite.db.SupportSQLiteDatabase)
com.google.api.client.http.apache.ApacheHttpResponse: int getStatusCode()
com.mohamedrejeb.ksoup.html.parser.KsoupHtmlOptions$Builder: com.mohamedrejeb.ksoup.html.parser.KsoupHtmlOptions build()
androidx.biometric.auth.Class3BiometricAuthPrompt: androidx.biometric.auth.AuthPrompt startAuthentication(androidx.biometric.auth.AuthPromptHost,androidx.biometric.BiometricPrompt$CryptoObject,androidx.biometric.auth.AuthPromptCallback)
at.favre.lib.bytes.Bytes: at.favre.lib.bytes.Bytes appendNullSafe(byte[])
com.google.android.gms.common.images.ImageManager: void loadImage(android.widget.ImageView,android.net.Uri,int)
com.google.api.client.http.HttpEncoding: void encode(com.google.api.client.util.StreamingContent,java.io.OutputStream)
com.google.api.client.googleapis.services.AbstractGoogleClientRequest: com.google.api.client.http.HttpResponse executeMedia()
androidx.work.Logger$LogcatLogger: void verbose(java.lang.String,java.lang.String)
androidx.compose.runtime.SnapshotMutableDoubleStateImpl$component2$1: java.lang.Object invoke(java.lang.Object)
org.koin.core.module.dsl.FactoryOfKt: org.koin.core.definition.KoinDefinition factoryOf$default(org.koin.core.module.Module,kotlin.jvm.functions.Function19,kotlin.jvm.functions.Function1,int,java.lang.Object)
com.google.android.gms.internal.auth.zzg: com.google.android.gms.tasks.Task zzd(android.accounts.Account)
androidx.navigation.NavDeepLinkBuilder: androidx.navigation.NavDestination findDestination(int)
androidx.navigation.NavOptions$Builder: androidx.navigation.NavOptions$Builder setLaunchSingleTop(boolean)
androidx.compose.runtime.snapshots.SnapshotKt: int trackPinning(int,androidx.compose.runtime.snapshots.SnapshotIdSet)
com.google.api.client.googleapis.auth.oauth2.GooglePublicKeysManager: long getCacheTimeInSec(com.google.api.client.http.HttpHeaders)
androidx.navigation.NavType: java.lang.String getName()
com.google.gson.internal.bind.ReflectiveTypeAdapterFactory$Adapter: void write(com.google.gson.stream.JsonWriter,java.lang.Object)
com.google.api.client.auth.oauth2.Credential$Builder: com.google.api.client.http.GenericUrl getTokenServerUrl()
com.google.gson.TypeAdapter: com.google.gson.JsonElement toJsonTree(java.lang.Object)
androidx.compose.runtime.SlotWriter: int dataIndex(int[],int)
com.google.api.client.googleapis.auth.oauth2.GoogleCredential: GoogleCredential()
org.koin.androidx.viewmodel.dsl.ViewModelOfKt$viewModelOf$6: java.lang.Object invoke(java.lang.Object,java.lang.Object)
androidx.work.impl.constraints.controllers.ConstraintController: kotlinx.coroutines.flow.Flow track()
org.koin.androidx.fragment.dsl.ScopeFragmentOfKt$fragmentOf$1: java.lang.Object invoke(java.lang.Object,java.lang.Object)
androidx.core.view.WindowInsetsCompat$BuilderImpl: void setTappableElementInsets(androidx.core.graphics.Insets)