app/build/outputs/mapping/release/usage.txt
com.yourname.simplenotes.R$mipmap
com.yourname.simplenotes.R$string
com.yourname.simplenotes.R$style
com.yourname.simplenotes.R
com.yourname.simplenotes.android.BiometricHelper
com.yourname.simplenotes.data.auth.AuthPreferencesManager:
    public final void clearAll()
    public final boolean isAuthRequired()
    public final void setAuthRequired(boolean)
    public final void setBiometricEnabled(boolean)
com.yourname.simplenotes.data.auth.BiometricAuthManager$BiometricResult$Error:
    public final int component1()
    public final java.lang.String component2()
    public final com.yourname.simplenotes.data.auth.BiometricAuthManager$BiometricResult$Error copy(int,java.lang.String)
    public static synthetic com.yourname.simplenotes.data.auth.BiometricAuthManager$BiometricResult$Error copy$default(com.yourname.simplenotes.data.auth.BiometricAuthManager$BiometricResult$Error,int,java.lang.String,int,java.lang.Object)
    public final int getCode()
com.yourname.simplenotes.data.auth.PinAuthManager:
    public final void clearPin()
com.yourname.simplenotes.data.remote.DriveDataSource$deleteNote$2
com.yourname.simplenotes.data.remote.DriveDataSource:
    public final java.lang.Object deleteNote(java.lang.String,kotlin.coroutines.Continuation)
com.yourname.simplenotes.data.repository.CategoryRepository:
    public abstract java.lang.Object moveFolder(java.lang.String,java.lang.String,kotlin.coroutines.Continuation)
    public abstract kotlinx.coroutines.flow.Flow observeChildren(java.lang.String)
    public abstract java.lang.Object reorderFolders(java.lang.String,java.util.List,kotlin.coroutines.Continuation)
com.yourname.simplenotes.data.repository.CategoryRepositoryImpl$observeChildren$$inlined$map$1$2$1
com.yourname.simplenotes.data.repository.CategoryRepositoryImpl$observeChildren$$inlined$map$1$2
com.yourname.simplenotes.data.repository.CategoryRepositoryImpl$observeChildren$$inlined$map$1
com.yourname.simplenotes.data.repository.CategoryRepositoryImpl$observeChildren$lambda$7$$inlined$sortedBy$1
com.yourname.simplenotes.data.repository.CategoryRepositoryImpl$reorderFolders$1
com.yourname.simplenotes.data.repository.CategoryRepositoryImpl:
    public java.lang.Object moveFolder(java.lang.String,java.lang.String,kotlin.coroutines.Continuation)
    public kotlinx.coroutines.flow.Flow observeChildren(java.lang.String)
    public java.lang.Object reorderFolders(java.lang.String,java.util.List,kotlin.coroutines.Continuation)
com.yourname.simplenotes.data.repository.SearchRepository$DefaultImpls
com.yourname.simplenotes.ui.auth.AuthLoadingScreenKt$AuthLoadingScreen$2
com.yourname.simplenotes.ui.auth.AuthLoadingScreenKt
com.yourname.simplenotes.ui.auth.AuthNavigation
com.yourname.simplenotes.ui.auth.AuthViewModel$AuthState$AuthError:
    public final java.lang.String component1()
    public final com.yourname.simplenotes.ui.auth.AuthViewModel$AuthState$AuthError copy(java.lang.String)
    public static synthetic com.yourname.simplenotes.ui.auth.AuthViewModel$AuthState$AuthError copy$default(com.yourname.simplenotes.ui.auth.AuthViewModel$AuthState$AuthError,java.lang.String,int,java.lang.Object)
com.yourname.simplenotes.ui.auth.AuthViewModel$AuthState$AuthFailed:
    public final java.lang.String component1()
    public final com.yourname.simplenotes.ui.auth.AuthViewModel$AuthState$AuthFailed copy(java.lang.String)
    public static synthetic com.yourname.simplenotes.ui.auth.AuthViewModel$AuthState$AuthFailed copy$default(com.yourname.simplenotes.ui.auth.AuthViewModel$AuthState$AuthFailed,java.lang.String,int,java.lang.Object)
com.yourname.simplenotes.ui.folder.FolderViewModel$moveFolder$1
com.yourname.simplenotes.ui.folder.FolderViewModel$moveNoteToFolder$1
com.yourname.simplenotes.ui.folder.FolderViewModel$reorderFolders$1
...
it.unimi.dsi.fastutil.doubles.Double2IntAVLTreeMap$EntryIterator
it.unimi.dsi.fastutil.doubles.Double2IntAVLTreeMap$KeyIterator
it.unimi.dsi.fastutil.doubles.Double2IntAVLTreeMap$KeySet
it.unimi.dsi.fastutil.doubles.Double2IntAVLTreeMap$Submap$1
it.unimi.dsi.fastutil.doubles.Double2IntAVLTreeMap$Submap$2
it.unimi.dsi.fastutil.doubles.Double2IntAVLTreeMap$Submap$KeySet
it.unimi.dsi.fastutil.doubles.Double2IntAVLTreeMap$Submap$SubmapEntryIterator
it.unimi.dsi.fastutil.doubles.Double2IntAVLTreeMap$Submap$SubmapIterator
it.unimi.dsi.fastutil.doubles.Double2IntAVLTreeMap$Submap$SubmapKeyIterator
it.unimi.dsi.fastutil.doubles.Double2IntAVLTreeMap$Submap$SubmapValueIterator
it.unimi.dsi.fastutil.doubles.Double2IntAVLTreeMap$Submap
it.unimi.dsi.fastutil.doubles.Double2IntAVLTreeMap$TreeIterator
it.unimi.dsi.fastutil.doubles.Double2IntAVLTreeMap$ValueIterator
it.unimi.dsi.fastutil.doubles.Double2IntAVLTreeMap
it.unimi.dsi.fastutil.doubles.Double2IntArrayMap$1
it.unimi.dsi.fastutil.doubles.Double2IntArrayMap$EntrySet$1
it.unimi.dsi.fastutil.doubles.Double2IntArrayMap$EntrySet$2
it.unimi.dsi.fastutil.doubles.Double2IntArrayMap$EntrySet$EntrySetSpliterator
it.unimi.dsi.fastutil.doubles.Double2IntArrayMap$EntrySet
it.unimi.dsi.fastutil.doubles.Double2IntArrayMap$KeySet$1
it.unimi.dsi.fastutil.doubles.Double2IntArrayMap$KeySet$KeySetSpliterator
it.unimi.dsi.fastutil.doubles.Double2IntArrayMap$KeySet
it.unimi.dsi.fastutil.doubles.Double2IntArrayMap$ValuesCollection$1
it.unimi.dsi.fastutil.doubles.Double2IntArrayMap$ValuesCollection$ValuesSpliterator
it.unimi.dsi.fastutil.doubles.Double2IntArrayMap$ValuesCollection
it.unimi.dsi.fastutil.doubles.Double2IntArrayMap
it.unimi.dsi.fastutil.doubles.Double2IntFunction
it.unimi.dsi.fastutil.doubles.Double2IntFunctions$EmptyFunction
it.unimi.dsi.fastutil.doubles.Double2IntFunctions$PrimitiveFunction
it.unimi.dsi.fastutil.doubles.Double2IntFunctions$Singleton
it.unimi.dsi.fastutil.doubles.Double2IntFunctions$SynchronizedFunction
it.unimi.dsi.fastutil.doubles.Double2IntFunctions$UnmodifiableFunction
it.unimi.dsi.fastutil.doubles.Double2IntFunctions
it.unimi.dsi.fastutil.doubles.Double2IntLinkedOpenHashMap$1
it.unimi.dsi.fastutil.doubles.Double2IntLinkedOpenHashMap$EntryIterator
it.unimi.dsi.fastutil.doubles.Double2IntLinkedOpenHashMap$FastEntryIterator
it.unimi.dsi.fastutil.doubles.Double2IntLinkedOpenHashMap$KeyIterator
it.unimi.dsi.fastutil.doubles.Double2IntLinkedOpenHashMap$KeySet
it.unimi.dsi.fastutil.doubles.Double2IntLinkedOpenHashMap$MapEntry
it.unimi.dsi.fastutil.doubles.Double2IntLinkedOpenHashMap$MapEntrySet
it.unimi.dsi.fastutil.doubles.Double2IntLinkedOpenHashMap$MapIterator
it.unimi.dsi.fastutil.doubles.Double2IntLinkedOpenHashMap$ValueIterator
it.unimi.dsi.fastutil.doubles.Double2IntLinkedOpenHashMap
it.unimi.dsi.fastutil.doubles.Double2IntMap$Entry
it.unimi.dsi.fastutil.doubles.Double2IntMap$FastEntrySet
it.unimi.dsi.fastutil.doubles.Double2IntMap
it.unimi.dsi.fastutil.doubles.Double2IntMaps$1
it.unimi.dsi.fastutil.doubles.Double2IntMaps$EmptyMap
it.unimi.dsi.fastutil.doubles.Double2IntMaps$Singleton
it.unimi.dsi.fastutil.doubles.Double2IntMaps$SynchronizedMap
it.unimi.dsi.fastutil.doubles.Double2IntMaps$UnmodifiableMap
it.unimi.dsi.fastutil.doubles.Double2IntMaps
it.unimi.dsi.fastutil.doubles.Double2IntOpenCustomHashMap$1
it.unimi.dsi.fastutil.doubles.Double2IntOpenCustomHashMap$EntryIterator
it.unimi.dsi.fastutil.doubles.Double2IntOpenCustomHashMap$EntrySpliterator
it.unimi.dsi.fastutil.doubles.Double2IntOpenCustomHashMap$FastEntryIterator
it.unimi.dsi.fastutil.doubles.Double2IntOpenCustomHashMap$KeyIterator
it.unimi.dsi.fastutil.doubles.Double2IntOpenCustomHashMap$KeySet
it.unimi.dsi.fastutil.doubles.Double2IntOpenCustomHashMap$KeySpliterator
it.unimi.dsi.fastutil.doubles.Double2IntOpenCustomHashMap$MapEntry
it.unimi.dsi.fastutil.doubles.Double2IntOpenCustomHashMap$MapEntrySet